<?xml version="1.0" encoding="UTF-8"?>
<!-- Generated by org.testng.reporters.JUnitReportReporter -->
<testsuite skipped="0" hostname="DESKTOP-3ROKAB7" name="com.bangladesh.TestRunner.TestRunner_BD" tests="1" failures="0" timestamp="2021-08-01T14:27:10 CDT" time="12.886" errors="0">
  <testcase name="feature" time="12.886" classname="com.bangladesh.TestRunner.TestRunner_BD"/>
  <system-out/>
</testsuite> <!-- com.bangladesh.TestRunner.TestRunner_BD -->
