<?xml version="1.0" encoding="UTF-8"?>
<!-- Generated by org.testng.reporters.JUnitReportReporter -->
<testsuite skipped="0" hostname="DESKTOP-3ROKAB7" name="com.bangladesh.TestRunner.TestRunner_BD" tests="2" failures="0" timestamp="2021-07-17T12:08:33 CDT" time="11.729" errors="0">
  <testcase name="feature" time="5.382" classname="com.bangladesh.TestRunner.TestRunner_BD"/>
  <system-out/>
  <testcase name="feature" time="6.347" classname="com.bangladesh.TestRunner.TestRunner_BD"/>
  <system-out/>
</testsuite> <!-- com.bangladesh.TestRunner.TestRunner_BD -->
